<?xml version="1.0" encoding="UTF-8"?>
<testng-results ignored="0" total="2" passed="2" failed="0" skipped="0">
  <reporter-output>
  </reporter-output>
  <suite started-at="2024-07-27T20:05:49 IST" name="Assessment Automte eComWebsite" finished-at="2024-07-27T20:06:03 IST" duration-ms="13278">
    <groups>
    </groups>
    <test started-at="2024-07-27T20:05:49 IST" name="Assessment Tests" finished-at="2024-07-27T20:06:03 IST" duration-ms="13278">
      <class name="eCom.qa.testcases.Login">
        <test-method is-config="true" signature="setup()[pri:0, instance:eCom.qa.testcases.Login@74e28667]" started-at="2024-07-27T20:05:50 IST" name="setup" finished-at="2024-07-27T20:05:53 IST" duration-ms="3158" status="PASS">
          <reporter-output>
          </reporter-output>
        </test-method> <!-- setup -->
        <test-method signature="verifyLoginWithValidCreds()[pri:0, instance:eCom.qa.testcases.Login@74e28667]" started-at="2024-07-27T20:05:53 IST" name="verifyLoginWithValidCreds" finished-at="2024-07-27T20:05:56 IST" duration-ms="3601" status="PASS">
          <reporter-output>
          </reporter-output>
        </test-method> <!-- verifyLoginWithValidCreds -->
        <test-method is-config="true" signature="teardown()[pri:0, instance:eCom.qa.testcases.Login@74e28667]" started-at="2024-07-27T20:05:56 IST" name="teardown" finished-at="2024-07-27T20:05:56 IST" duration-ms="172" status="PASS">
          <reporter-output>
          </reporter-output>
        </test-method> <!-- teardown -->
      </class> <!-- eCom.qa.testcases.Login -->
      <class name="eCom.qa.testcases.Search">
        <test-method is-config="true" signature="setup()[pri:0, instance:eCom.qa.testcases.Search@7d9d0818]" started-at="2024-07-27T20:05:56 IST" name="setup" finished-at="2024-07-27T20:05:59 IST" duration-ms="2136" status="PASS">
          <reporter-output>
          </reporter-output>
        </test-method> <!-- setup -->
        <test-method signature="VerifySearchValidProduct()[pri:0, instance:eCom.qa.testcases.Search@7d9d0818]" started-at="2024-07-27T20:05:59 IST" name="VerifySearchValidProduct" finished-at="2024-07-27T20:06:02 IST" duration-ms="3783" status="PASS">
          <reporter-output>
          </reporter-output>
        </test-method> <!-- VerifySearchValidProduct -->
        <test-method is-config="true" signature="teardown()[pri:0, instance:eCom.qa.testcases.Search@7d9d0818]" started-at="2024-07-27T20:06:02 IST" name="teardown" finished-at="2024-07-27T20:06:03 IST" duration-ms="161" status="PASS">
          <reporter-output>
          </reporter-output>
        </test-method> <!-- teardown -->
      </class> <!-- eCom.qa.testcases.Search -->
    </test> <!-- Assessment Tests -->
  </suite> <!-- Assessment Automte eComWebsite -->
</testng-results>
